2017-11-17 21:30:43.307  INFO 9292 --- [  restartedMain] ationConfigEmbeddedWebApplicationContext : Refreshing org.springframework.boot.context.embedded.AnnotationConfigEmbeddedWebApplicationContext@586cd9e8: startup date [Fri Nov 17 21:30:43 EST 2017]; root of context hierarchy
2017-11-17 21:30:44.665 DEBUG 9292 --- [kground-preinit] org.jboss.logging                        : Logging Provider: org.jboss.logging.Slf4jLoggerProvider found via system property
2017-11-17 21:30:44.676  INFO 9292 --- [kground-preinit] o.h.validator.internal.util.Version      : HV000001: Hibernate Validator 5.3.5.Final
2017-11-17 21:30:44.925 DEBUG 9292 --- [kground-preinit] o.h.v.i.e.r.DefaultTraversableResolver   : Cannot find javax.persistence.Persistence on classpath. Assuming non JPA 2 environment. All properties will per default be traversable.
2017-11-17 21:30:47.100 DEBUG 9292 --- [  restartedMain] o.m.s.b.a.MybatisAutoConfiguration       : Searching for mappers annotated with @Mapper
2017-11-17 21:30:47.109 DEBUG 9292 --- [  restartedMain] o.m.s.b.a.MybatisAutoConfiguration       : Using auto-configuration base package 'com.mybatis.demo'
2017-11-17 21:30:47.139 DEBUG 9292 --- [  restartedMain] o.m.s.mapper.ClassPathMapperScanner      : Identified candidate component class: file [C:\Users\DELL\TCS\OracleMyBatisAndH2DB\target\classes\com\mybatis\demo\mapper\UserMapper.class]
2017-11-17 21:30:47.155 DEBUG 9292 --- [  restartedMain] o.m.s.mapper.ClassPathMapperScanner      : Creating MapperFactoryBean with name 'userMapper' and 'com.mybatis.demo.mapper.UserMapper' mapperInterface
2017-11-17 21:30:47.156 DEBUG 9292 --- [  restartedMain] o.m.s.mapper.ClassPathMapperScanner      : Enabling autowire by type for MapperFactoryBean with name 'userMapper'.
2017-11-17 21:30:49.693 DEBUG 9292 --- [  restartedMain] o.h.v.i.e.r.DefaultTraversableResolver   : Cannot find javax.persistence.Persistence on classpath. Assuming non JPA 2 environment. All properties will per default be traversable.
2017-11-17 21:30:49.720 DEBUG 9292 --- [  restartedMain] o.h.v.i.e.r.DefaultTraversableResolver   : Cannot find javax.persistence.Persistence on classpath. Assuming non JPA 2 environment. All properties will per default be traversable.
2017-11-17 21:30:49.729 DEBUG 9292 --- [  restartedMain] o.h.v.internal.engine.ConfigurationImpl  : Setting custom MessageInterpolator of type org.springframework.validation.beanvalidation.LocaleContextMessageInterpolator
2017-11-17 21:30:49.731 DEBUG 9292 --- [  restartedMain] o.h.v.internal.engine.ConfigurationImpl  : Setting custom ConstraintValidatorFactory of type org.springframework.validation.beanvalidation.SpringConstraintValidatorFactory
2017-11-17 21:30:49.735 DEBUG 9292 --- [  restartedMain] o.h.v.internal.engine.ConfigurationImpl  : Setting custom ParameterNameProvider of type com.sun.proxy.$Proxy50
2017-11-17 21:30:49.741 DEBUG 9292 --- [  restartedMain] o.h.v.internal.xml.ValidationXmlParser   : Trying to load META-INF/validation.xml for XML based Validator configuration.
2017-11-17 21:30:49.744 DEBUG 9292 --- [  restartedMain] o.h.v.internal.xml.ResourceLoaderHelper  : Trying to load META-INF/validation.xml via user class loader
2017-11-17 21:30:49.746 DEBUG 9292 --- [  restartedMain] o.h.v.internal.xml.ResourceLoaderHelper  : Trying to load META-INF/validation.xml via TCCL
2017-11-17 21:30:49.747 DEBUG 9292 --- [  restartedMain] o.h.v.internal.xml.ResourceLoaderHelper  : Trying to load META-INF/validation.xml via Hibernate Validator's class loader
2017-11-17 21:30:49.748 DEBUG 9292 --- [  restartedMain] o.h.v.internal.xml.ValidationXmlParser   : No META-INF/validation.xml found. Using annotation based configuration only.
2017-11-17 21:30:50.913  INFO 9292 --- [  restartedMain] s.b.c.e.t.TomcatEmbeddedServletContainer : Tomcat initialized with port(s): 8093 (http)
2017-11-17 21:30:50.966  INFO 9292 --- [  restartedMain] o.apache.catalina.core.StandardService   : Starting service [Tomcat]
2017-11-17 21:30:50.972  INFO 9292 --- [  restartedMain] org.apache.catalina.core.StandardEngine  : Starting Servlet Engine: Apache Tomcat/8.5.23
2017-11-17 21:30:51.380  INFO 9292 --- [ost-startStop-1] o.a.c.c.C.[Tomcat].[localhost].[/]       : Initializing Spring embedded WebApplicationContext
2017-11-17 21:30:51.381  INFO 9292 --- [ost-startStop-1] o.s.web.context.ContextLoader            : Root WebApplicationContext: initialization completed in 8078 ms
2017-11-17 21:30:52.230  INFO 9292 --- [ost-startStop-1] o.s.b.w.servlet.ServletRegistrationBean  : Mapping servlet: 'dispatcherServlet' to [/]
2017-11-17 21:30:52.235  INFO 9292 --- [ost-startStop-1] o.s.b.w.servlet.ServletRegistrationBean  : Mapping servlet: 'webServlet' to [/h2-console/*]
2017-11-17 21:30:52.250  INFO 9292 --- [ost-startStop-1] o.s.b.w.servlet.FilterRegistrationBean   : Mapping filter: 'characterEncodingFilter' to: [/*]
2017-11-17 21:30:52.253  INFO 9292 --- [ost-startStop-1] o.s.b.w.servlet.FilterRegistrationBean   : Mapping filter: 'hiddenHttpMethodFilter' to: [/*]
2017-11-17 21:30:52.256  INFO 9292 --- [ost-startStop-1] o.s.b.w.servlet.FilterRegistrationBean   : Mapping filter: 'httpPutFormContentFilter' to: [/*]
2017-11-17 21:30:52.257  INFO 9292 --- [ost-startStop-1] o.s.b.w.servlet.FilterRegistrationBean   : Mapping filter: 'requestContextFilter' to: [/*]
2017-11-17 21:30:52.795 DEBUG 9292 --- [  restartedMain] com.zaxxer.hikari.HikariConfig           : Driver class oracle.jdbc.OracleDriver found in Thread context class loader org.springframework.boot.devtools.restart.classloader.RestartClassLoader@94783da
2017-11-17 21:30:53.263 DEBUG 9292 --- [  restartedMain] org.apache.ibatis.logging.LogFactory     : Logging initialized using 'class org.apache.ibatis.logging.slf4j.Slf4jImpl' adapter.
2017-11-17 21:30:53.473 DEBUG 9292 --- [  restartedMain] o.mybatis.spring.SqlSessionFactoryBean   : Property 'mapperLocations' was not specified or no matching resources found
2017-11-17 21:30:54.172 DEBUG 9292 --- [  restartedMain] o.h.v.i.e.r.DefaultTraversableResolver   : Cannot find javax.persistence.Persistence on classpath. Assuming non JPA 2 environment. All properties will per default be traversable.
2017-11-17 21:30:54.199 DEBUG 9292 --- [  restartedMain] o.h.v.i.e.r.DefaultTraversableResolver   : Cannot find javax.persistence.Persistence on classpath. Assuming non JPA 2 environment. All properties will per default be traversable.
2017-11-17 21:30:54.200 DEBUG 9292 --- [  restartedMain] o.h.v.internal.engine.ConfigurationImpl  : Setting custom MessageInterpolator of type org.springframework.validation.beanvalidation.LocaleContextMessageInterpolator
2017-11-17 21:30:54.201 DEBUG 9292 --- [  restartedMain] o.h.v.internal.engine.ConfigurationImpl  : Setting custom ConstraintValidatorFactory of type org.springframework.validation.beanvalidation.SpringConstraintValidatorFactory
2017-11-17 21:30:54.201 DEBUG 9292 --- [  restartedMain] o.h.v.internal.engine.ConfigurationImpl  : Setting custom ParameterNameProvider of type com.sun.proxy.$Proxy50
2017-11-17 21:30:54.202 DEBUG 9292 --- [  restartedMain] o.h.v.internal.xml.ValidationXmlParser   : Trying to load META-INF/validation.xml for XML based Validator configuration.
2017-11-17 21:30:54.202 DEBUG 9292 --- [  restartedMain] o.h.v.internal.xml.ResourceLoaderHelper  : Trying to load META-INF/validation.xml via user class loader
2017-11-17 21:30:54.203 DEBUG 9292 --- [  restartedMain] o.h.v.internal.xml.ResourceLoaderHelper  : Trying to load META-INF/validation.xml via TCCL
2017-11-17 21:30:54.205 DEBUG 9292 --- [  restartedMain] o.h.v.internal.xml.ResourceLoaderHelper  : Trying to load META-INF/validation.xml via Hibernate Validator's class loader
2017-11-17 21:30:54.206 DEBUG 9292 --- [  restartedMain] o.h.v.internal.xml.ValidationXmlParser   : No META-INF/validation.xml found. Using annotation based configuration only.
2017-11-17 21:30:55.143  INFO 9292 --- [  restartedMain] s.w.s.m.m.a.RequestMappingHandlerAdapter : Looking for @ControllerAdvice: org.springframework.boot.context.embedded.AnnotationConfigEmbeddedWebApplicationContext@586cd9e8: startup date [Fri Nov 17 21:30:43 EST 2017]; root of context hierarchy
2017-11-17 21:30:55.497  INFO 9292 --- [  restartedMain] s.w.s.m.m.a.RequestMappingHandlerMapping : Mapped "{[/v2/findAllUser],methods=[GET],produces=[application/json]}" onto org.springframework.http.ResponseEntity<?> com.mybatis.demo.rest.UserRestController.getAllUser()
2017-11-17 21:30:55.506  INFO 9292 --- [  restartedMain] s.w.s.m.m.a.RequestMappingHandlerMapping : Mapped "{[/v2/findUser/{userId}],methods=[GET],produces=[application/json]}" onto org.springframework.http.ResponseEntity<?> com.mybatis.demo.rest.UserRestController.getUser(java.lang.Integer)
2017-11-17 21:30:55.518  INFO 9292 --- [  restartedMain] s.w.s.m.m.a.RequestMappingHandlerMapping : Mapped "{[/error]}" onto public org.springframework.http.ResponseEntity<java.util.Map<java.lang.String, java.lang.Object>> org.springframework.boot.autoconfigure.web.BasicErrorController.error(javax.servlet.http.HttpServletRequest)
2017-11-17 21:30:55.520  INFO 9292 --- [  restartedMain] s.w.s.m.m.a.RequestMappingHandlerMapping : Mapped "{[/error],produces=[text/html]}" onto public org.springframework.web.servlet.ModelAndView org.springframework.boot.autoconfigure.web.BasicErrorController.errorHtml(javax.servlet.http.HttpServletRequest,javax.servlet.http.HttpServletResponse)
2017-11-17 21:30:55.692  INFO 9292 --- [  restartedMain] o.s.w.s.handler.SimpleUrlHandlerMapping  : Mapped URL path [/webjars/**] onto handler of type [class org.springframework.web.servlet.resource.ResourceHttpRequestHandler]
2017-11-17 21:30:55.693  INFO 9292 --- [  restartedMain] o.s.w.s.handler.SimpleUrlHandlerMapping  : Mapped URL path [/**] onto handler of type [class org.springframework.web.servlet.resource.ResourceHttpRequestHandler]
2017-11-17 21:30:55.913  INFO 9292 --- [  restartedMain] o.s.w.s.handler.SimpleUrlHandlerMapping  : Mapped URL path [/**/favicon.ico] onto handler of type [class org.springframework.web.servlet.resource.ResourceHttpRequestHandler]
2017-11-17 21:30:56.176 DEBUG 9292 --- [  restartedMain] o.m.s.b.a.MybatisAutoConfiguration       : No org.mybatis.spring.mapper.MapperFactoryBean found.
2017-11-17 21:30:57.294  INFO 9292 --- [  restartedMain] o.s.b.d.a.OptionalLiveReloadServer       : LiveReload server is running on port 35729
2017-11-17 21:30:57.699  INFO 9292 --- [  restartedMain] o.s.j.e.a.AnnotationMBeanExporter        : Registering beans for JMX exposure on startup
2017-11-17 21:30:57.707  INFO 9292 --- [  restartedMain] o.s.j.e.a.AnnotationMBeanExporter        : Bean with name 'dataSource' has been autodetected for JMX exposure
2017-11-17 21:30:57.724  INFO 9292 --- [  restartedMain] o.s.j.e.a.AnnotationMBeanExporter        : Located MBean 'dataSource': registering with JMX server as MBean [com.zaxxer.hikari:name=dataSource,type=HikariDataSource]
2017-11-17 21:30:57.822  INFO 9292 --- [  restartedMain] o.a.coyote.http11.Http11NioProtocol      : Initializing ProtocolHandler ["http-nio-8093"]
2017-11-17 21:30:57.922  INFO 9292 --- [  restartedMain] o.a.coyote.http11.Http11NioProtocol      : Starting ProtocolHandler ["http-nio-8093"]
2017-11-17 21:30:58.023  INFO 9292 --- [  restartedMain] o.a.tomcat.util.net.NioSelectorPool      : Using a shared selector for servlet write/read
2017-11-17 21:30:58.125  INFO 9292 --- [  restartedMain] s.b.c.e.t.TomcatEmbeddedServletContainer : Tomcat started on port(s): 8093 (http)
2017-11-17 21:31:22.532  INFO 9292 --- [nio-8093-exec-1] o.a.c.c.C.[Tomcat].[localhost].[/]       : Initializing Spring FrameworkServlet 'dispatcherServlet'
2017-11-17 21:31:22.533  INFO 9292 --- [nio-8093-exec-1] o.s.web.servlet.DispatcherServlet        : FrameworkServlet 'dispatcherServlet': initialization started
2017-11-17 21:31:22.686  INFO 9292 --- [nio-8093-exec-1] o.s.web.servlet.DispatcherServlet        : FrameworkServlet 'dispatcherServlet': initialization completed in 152 ms
2017-11-17 21:31:23.476 DEBUG 9292 --- [nio-8093-exec-1] org.mybatis.spring.SqlSessionUtils       : Creating a new SqlSession
2017-11-17 21:31:23.526 DEBUG 9292 --- [nio-8093-exec-1] org.mybatis.spring.SqlSessionUtils       : SqlSession [org.apache.ibatis.session.defaults.DefaultSqlSession@43329e82] was not registered for synchronization because synchronization is not active
2017-11-17 21:31:23.598 DEBUG 9292 --- [nio-8093-exec-1] com.zaxxer.hikari.HikariConfig           : HikariPool-1 - configuration:
2017-11-17 21:31:23.642 DEBUG 9292 --- [nio-8093-exec-1] com.zaxxer.hikari.HikariConfig           : allowPoolSuspension.............false
2017-11-17 21:31:23.643 DEBUG 9292 --- [nio-8093-exec-1] com.zaxxer.hikari.HikariConfig           : autoCommit......................true
2017-11-17 21:31:23.643 DEBUG 9292 --- [nio-8093-exec-1] com.zaxxer.hikari.HikariConfig           : catalog.........................none
2017-11-17 21:31:23.649 DEBUG 9292 --- [nio-8093-exec-1] com.zaxxer.hikari.HikariConfig           : connectionInitSql...............none
2017-11-17 21:31:23.649 DEBUG 9292 --- [nio-8093-exec-1] com.zaxxer.hikari.HikariConfig           : connectionTestQuery.............none
2017-11-17 21:31:23.650 DEBUG 9292 --- [nio-8093-exec-1] com.zaxxer.hikari.HikariConfig           : connectionTimeout...............30000
2017-11-17 21:31:23.650 DEBUG 9292 --- [nio-8093-exec-1] com.zaxxer.hikari.HikariConfig           : dataSource......................none
2017-11-17 21:31:23.651 DEBUG 9292 --- [nio-8093-exec-1] com.zaxxer.hikari.HikariConfig           : dataSourceClassName.............none
2017-11-17 21:31:23.656 DEBUG 9292 --- [nio-8093-exec-1] com.zaxxer.hikari.HikariConfig           : dataSourceJNDI..................none
2017-11-17 21:31:23.669 DEBUG 9292 --- [nio-8093-exec-1] com.zaxxer.hikari.HikariConfig           : dataSourceProperties............{password=<masked>}
2017-11-17 21:31:23.669 DEBUG 9292 --- [nio-8093-exec-1] com.zaxxer.hikari.HikariConfig           : driverClassName................."oracle.jdbc.OracleDriver"
2017-11-17 21:31:23.670 DEBUG 9292 --- [nio-8093-exec-1] com.zaxxer.hikari.HikariConfig           : healthCheckProperties...........{}
2017-11-17 21:31:23.672 DEBUG 9292 --- [nio-8093-exec-1] com.zaxxer.hikari.HikariConfig           : healthCheckRegistry.............none
2017-11-17 21:31:23.672 DEBUG 9292 --- [nio-8093-exec-1] com.zaxxer.hikari.HikariConfig           : idleTimeout.....................600000
2017-11-17 21:31:23.679 DEBUG 9292 --- [nio-8093-exec-1] com.zaxxer.hikari.HikariConfig           : initializationFailFast..........true
2017-11-17 21:31:23.680 DEBUG 9292 --- [nio-8093-exec-1] com.zaxxer.hikari.HikariConfig           : initializationFailTimeout.......1
2017-11-17 21:31:23.682 DEBUG 9292 --- [nio-8093-exec-1] com.zaxxer.hikari.HikariConfig           : isolateInternalQueries..........false
2017-11-17 21:31:23.683 DEBUG 9292 --- [nio-8093-exec-1] com.zaxxer.hikari.HikariConfig           : jdbc4ConnectionTest.............false
2017-11-17 21:31:23.694 DEBUG 9292 --- [nio-8093-exec-1] com.zaxxer.hikari.HikariConfig           : jdbcUrl.........................jdbc:oracle:thin:@localhost:1521:XE
2017-11-17 21:31:23.695 DEBUG 9292 --- [nio-8093-exec-1] com.zaxxer.hikari.HikariConfig           : leakDetectionThreshold..........0
2017-11-17 21:31:23.696 DEBUG 9292 --- [nio-8093-exec-1] com.zaxxer.hikari.HikariConfig           : maxLifetime.....................1800000
2017-11-17 21:31:23.699 DEBUG 9292 --- [nio-8093-exec-1] com.zaxxer.hikari.HikariConfig           : maximumPoolSize.................10
2017-11-17 21:31:23.700 DEBUG 9292 --- [nio-8093-exec-1] com.zaxxer.hikari.HikariConfig           : metricRegistry..................none
2017-11-17 21:31:23.707 DEBUG 9292 --- [nio-8093-exec-1] com.zaxxer.hikari.HikariConfig           : metricsTrackerFactory...........none
2017-11-17 21:31:23.708 DEBUG 9292 --- [nio-8093-exec-1] com.zaxxer.hikari.HikariConfig           : minimumIdle.....................10
2017-11-17 21:31:23.709 DEBUG 9292 --- [nio-8093-exec-1] com.zaxxer.hikari.HikariConfig           : password........................<masked>
2017-11-17 21:31:23.709 DEBUG 9292 --- [nio-8093-exec-1] com.zaxxer.hikari.HikariConfig           : poolName........................"HikariPool-1"
2017-11-17 21:31:23.710 DEBUG 9292 --- [nio-8093-exec-1] com.zaxxer.hikari.HikariConfig           : readOnly........................false
2017-11-17 21:31:23.710 DEBUG 9292 --- [nio-8093-exec-1] com.zaxxer.hikari.HikariConfig           : registerMbeans..................false
2017-11-17 21:31:23.711 DEBUG 9292 --- [nio-8093-exec-1] com.zaxxer.hikari.HikariConfig           : scheduledExecutor...............none
2017-11-17 21:31:23.711 DEBUG 9292 --- [nio-8093-exec-1] com.zaxxer.hikari.HikariConfig           : scheduledExecutorService........internal
2017-11-17 21:31:23.711 DEBUG 9292 --- [nio-8093-exec-1] com.zaxxer.hikari.HikariConfig           : schema..........................none
2017-11-17 21:31:23.712 DEBUG 9292 --- [nio-8093-exec-1] com.zaxxer.hikari.HikariConfig           : threadFactory...................internal
2017-11-17 21:31:23.712 DEBUG 9292 --- [nio-8093-exec-1] com.zaxxer.hikari.HikariConfig           : transactionIsolation............default
2017-11-17 21:31:23.712 DEBUG 9292 --- [nio-8093-exec-1] com.zaxxer.hikari.HikariConfig           : username........................"msomers"
2017-11-17 21:31:23.713 DEBUG 9292 --- [nio-8093-exec-1] com.zaxxer.hikari.HikariConfig           : validationTimeout...............5000
2017-11-17 21:31:23.713  INFO 9292 --- [nio-8093-exec-1] com.zaxxer.hikari.HikariDataSource       : HikariPool-1 - Starting...
2017-11-17 21:31:25.421  INFO 9292 --- [nio-8093-exec-1] com.zaxxer.hikari.HikariDataSource       : HikariPool-1 - Start completed.
2017-11-17 21:31:25.435 DEBUG 9292 --- [nio-8093-exec-1] o.m.s.t.SpringManagedTransaction         : JDBC Connection [HikariProxyConnection@746327038 wrapping oracle.jdbc.driver.T4CConnection@4932210a] will not be managed by Spring
2017-11-17 21:31:26.572 DEBUG 9292 --- [nio-8093-exec-1] org.mybatis.spring.SqlSessionUtils       : Closing non transactional SqlSession [org.apache.ibatis.session.defaults.DefaultSqlSession@43329e82]
2017-11-17 21:32:32.626  INFO 9292 --- [       Thread-7] ationConfigEmbeddedWebApplicationContext : Closing org.springframework.boot.context.embedded.AnnotationConfigEmbeddedWebApplicationContext@586cd9e8: startup date [Fri Nov 17 21:30:43 EST 2017]; root of context hierarchy
2017-11-17 21:32:32.634  WARN 9292 --- [       Thread-7] o.s.b.f.support.DisposableBeanAdapter    : Invocation of destroy method failed on bean with name 'classPathFileSystemWatcher': java.lang.NullPointerException
2017-11-17 21:32:32.638  INFO 9292 --- [       Thread-7] o.s.j.e.a.AnnotationMBeanExporter        : Unregistering JMX-exposed beans on shutdown
2017-11-17 21:32:32.639  INFO 9292 --- [       Thread-7] o.s.j.e.a.AnnotationMBeanExporter        : Unregistering JMX-exposed beans
2017-11-17 21:32:32.642  INFO 9292 --- [       Thread-7] com.zaxxer.hikari.HikariDataSource       : HikariPool-1 - Shutdown initiated...
2017-11-17 21:32:32.654 DEBUG 9292 --- [nnection closer] com.zaxxer.hikari.pool.PoolBase          : HikariPool-1 - Closing connection oracle.jdbc.driver.T4CConnection@4932210a: (connection evicted)
2017-11-17 21:32:32.656 DEBUG 9292 --- [nnection closer] com.zaxxer.hikari.pool.PoolBase          : HikariPool-1 - Closing connection oracle.jdbc.driver.T4CConnection@3f8546aa: (connection evicted)
2017-11-17 21:32:32.658 DEBUG 9292 --- [nnection closer] com.zaxxer.hikari.pool.PoolBase          : HikariPool-1 - Closing connection oracle.jdbc.driver.T4CConnection@7eb84c91: (connection evicted)
2017-11-17 21:32:32.661 DEBUG 9292 --- [nnection closer] com.zaxxer.hikari.pool.PoolBase          : HikariPool-1 - Closing connection oracle.jdbc.driver.T4CConnection@4f0c7563: (connection evicted)
2017-11-17 21:32:32.667 DEBUG 9292 --- [nnection closer] com.zaxxer.hikari.pool.PoolBase          : HikariPool-1 - Closing connection oracle.jdbc.driver.T4CConnection@1e97b3de: (connection evicted)
2017-11-17 21:32:32.670 DEBUG 9292 --- [nnection closer] com.zaxxer.hikari.pool.PoolBase          : HikariPool-1 - Closing connection oracle.jdbc.driver.T4CConnection@26e51ecd: (connection evicted)
2017-11-17 21:32:32.674 DEBUG 9292 --- [nnection closer] com.zaxxer.hikari.pool.PoolBase          : HikariPool-1 - Closing connection oracle.jdbc.driver.T4CConnection@1ad9c9e0: (connection evicted)
2017-11-17 21:32:32.677 DEBUG 9292 --- [nnection closer] com.zaxxer.hikari.pool.PoolBase          : HikariPool-1 - Closing connection oracle.jdbc.driver.T4CConnection@68fa44f7: (connection evicted)
2017-11-17 21:32:32.679 DEBUG 9292 --- [nnection closer] com.zaxxer.hikari.pool.PoolBase          : HikariPool-1 - Closing connection oracle.jdbc.driver.T4CConnection@19cc422f: (connection evicted)
2017-11-17 21:32:32.681 DEBUG 9292 --- [nnection closer] com.zaxxer.hikari.pool.PoolBase          : HikariPool-1 - Closing connection oracle.jdbc.driver.T4CConnection@7c7f4e63: (connection evicted)
2017-11-17 21:32:32.711  INFO 9292 --- [       Thread-7] com.zaxxer.hikari.HikariDataSource       : HikariPool-1 - Shutdown completed.
2017-11-17 21:32:33.946  INFO 9292 --- [  restartedMain] ationConfigEmbeddedWebApplicationContext : Refreshing org.springframework.boot.context.embedded.AnnotationConfigEmbeddedWebApplicationContext@7185acea: startup date [Fri Nov 17 21:32:33 EST 2017]; root of context hierarchy
2017-11-17 21:32:35.556 DEBUG 9292 --- [  restartedMain] o.m.s.b.a.MybatisAutoConfiguration       : Searching for mappers annotated with @Mapper
2017-11-17 21:32:35.559 DEBUG 9292 --- [  restartedMain] o.m.s.b.a.MybatisAutoConfiguration       : Using auto-configuration base package 'com.mybatis.demo'
2017-11-17 21:32:35.576 DEBUG 9292 --- [  restartedMain] o.m.s.mapper.ClassPathMapperScanner      : Identified candidate component class: file [C:\Users\DELL\TCS\OracleMyBatisAndH2DB\target\classes\com\mybatis\demo\mapper\UserMapper.class]
2017-11-17 21:32:35.602 DEBUG 9292 --- [  restartedMain] o.m.s.mapper.ClassPathMapperScanner      : Creating MapperFactoryBean with name 'userMapper' and 'com.mybatis.demo.mapper.UserMapper' mapperInterface
2017-11-17 21:32:35.603 DEBUG 9292 --- [  restartedMain] o.m.s.mapper.ClassPathMapperScanner      : Enabling autowire by type for MapperFactoryBean with name 'userMapper'.
2017-11-17 21:32:35.910 DEBUG 9292 --- [  restartedMain] o.h.v.i.e.r.DefaultTraversableResolver   : Cannot find javax.persistence.Persistence on classpath. Assuming non JPA 2 environment. All properties will per default be traversable.
2017-11-17 21:32:35.916 DEBUG 9292 --- [  restartedMain] o.h.v.i.e.r.DefaultTraversableResolver   : Cannot find javax.persistence.Persistence on classpath. Assuming non JPA 2 environment. All properties will per default be traversable.
2017-11-17 21:32:35.917 DEBUG 9292 --- [  restartedMain] o.h.v.internal.engine.ConfigurationImpl  : Setting custom MessageInterpolator of type org.springframework.validation.beanvalidation.LocaleContextMessageInterpolator
2017-11-17 21:32:35.917 DEBUG 9292 --- [  restartedMain] o.h.v.internal.engine.ConfigurationImpl  : Setting custom ConstraintValidatorFactory of type org.springframework.validation.beanvalidation.SpringConstraintValidatorFactory
2017-11-17 21:32:35.918 DEBUG 9292 --- [  restartedMain] o.h.v.internal.engine.ConfigurationImpl  : Setting custom ParameterNameProvider of type com.sun.proxy.$Proxy50
2017-11-17 21:32:35.918 DEBUG 9292 --- [  restartedMain] o.h.v.internal.xml.ValidationXmlParser   : Trying to load META-INF/validation.xml for XML based Validator configuration.
2017-11-17 21:32:35.918 DEBUG 9292 --- [  restartedMain] o.h.v.internal.xml.ResourceLoaderHelper  : Trying to load META-INF/validation.xml via user class loader
2017-11-17 21:32:35.919 DEBUG 9292 --- [  restartedMain] o.h.v.internal.xml.ResourceLoaderHelper  : Trying to load META-INF/validation.xml via TCCL
2017-11-17 21:32:35.920 DEBUG 9292 --- [  restartedMain] o.h.v.internal.xml.ResourceLoaderHelper  : Trying to load META-INF/validation.xml via Hibernate Validator's class loader
2017-11-17 21:32:35.921 DEBUG 9292 --- [  restartedMain] o.h.v.internal.xml.ValidationXmlParser   : No META-INF/validation.xml found. Using annotation based configuration only.
2017-11-17 21:32:36.167  INFO 9292 --- [  restartedMain] s.b.c.e.t.TomcatEmbeddedServletContainer : Tomcat initialized with port(s): 8093 (http)
2017-11-17 21:32:36.173  INFO 9292 --- [  restartedMain] o.apache.catalina.core.StandardService   : Starting service [Tomcat]
2017-11-17 21:32:36.175  INFO 9292 --- [  restartedMain] org.apache.catalina.core.StandardEngine  : Starting Servlet Engine: Apache Tomcat/8.5.23
2017-11-17 21:32:36.228  INFO 9292 --- [ost-startStop-1] o.a.c.c.C.[Tomcat].[localhost].[/]       : Initializing Spring embedded WebApplicationContext
2017-11-17 21:32:36.231  INFO 9292 --- [ost-startStop-1] o.s.web.context.ContextLoader            : Root WebApplicationContext: initialization completed in 2285 ms
2017-11-17 21:32:36.354  INFO 9292 --- [ost-startStop-1] o.s.b.w.servlet.ServletRegistrationBean  : Mapping servlet: 'dispatcherServlet' to [/]
2017-11-17 21:32:36.356  INFO 9292 --- [ost-startStop-1] o.s.b.w.servlet.ServletRegistrationBean  : Mapping servlet: 'webServlet' to [/h2-console/*]
2017-11-17 21:32:36.357  INFO 9292 --- [ost-startStop-1] o.s.b.w.servlet.FilterRegistrationBean   : Mapping filter: 'characterEncodingFilter' to: [/*]
2017-11-17 21:32:36.357  INFO 9292 --- [ost-startStop-1] o.s.b.w.servlet.FilterRegistrationBean   : Mapping filter: 'hiddenHttpMethodFilter' to: [/*]
2017-11-17 21:32:36.357  INFO 9292 --- [ost-startStop-1] o.s.b.w.servlet.FilterRegistrationBean   : Mapping filter: 'httpPutFormContentFilter' to: [/*]
2017-11-17 21:32:36.358  INFO 9292 --- [ost-startStop-1] o.s.b.w.servlet.FilterRegistrationBean   : Mapping filter: 'requestContextFilter' to: [/*]
2017-11-17 21:32:36.507 DEBUG 9292 --- [  restartedMain] com.zaxxer.hikari.HikariConfig           : Driver class oracle.jdbc.OracleDriver found in Thread context class loader org.springframework.boot.devtools.restart.classloader.RestartClassLoader@6e1f8bd3
2017-11-17 21:32:36.716 DEBUG 9292 --- [  restartedMain] o.mybatis.spring.SqlSessionFactoryBean   : Property 'mapperLocations' was not specified or no matching resources found
2017-11-17 21:32:36.927 DEBUG 9292 --- [  restartedMain] o.h.v.i.e.r.DefaultTraversableResolver   : Cannot find javax.persistence.Persistence on classpath. Assuming non JPA 2 environment. All properties will per default be traversable.
2017-11-17 21:32:36.944 DEBUG 9292 --- [  restartedMain] o.h.v.i.e.r.DefaultTraversableResolver   : Cannot find javax.persistence.Persistence on classpath. Assuming non JPA 2 environment. All properties will per default be traversable.
2017-11-17 21:32:36.945 DEBUG 9292 --- [  restartedMain] o.h.v.internal.engine.ConfigurationImpl  : Setting custom MessageInterpolator of type org.springframework.validation.beanvalidation.LocaleContextMessageInterpolator
2017-11-17 21:32:36.949 DEBUG 9292 --- [  restartedMain] o.h.v.internal.engine.ConfigurationImpl  : Setting custom ConstraintValidatorFactory of type org.springframework.validation.beanvalidation.SpringConstraintValidatorFactory
2017-11-17 21:32:36.950 DEBUG 9292 --- [  restartedMain] o.h.v.internal.engine.ConfigurationImpl  : Setting custom ParameterNameProvider of type com.sun.proxy.$Proxy50
2017-11-17 21:32:36.951 DEBUG 9292 --- [  restartedMain] o.h.v.internal.xml.ValidationXmlParser   : Trying to load META-INF/validation.xml for XML based Validator configuration.
2017-11-17 21:32:36.951 DEBUG 9292 --- [  restartedMain] o.h.v.internal.xml.ResourceLoaderHelper  : Trying to load META-INF/validation.xml via user class loader
2017-11-17 21:32:36.952 DEBUG 9292 --- [  restartedMain] o.h.v.internal.xml.ResourceLoaderHelper  : Trying to load META-INF/validation.xml via TCCL
2017-11-17 21:32:36.953 DEBUG 9292 --- [  restartedMain] o.h.v.internal.xml.ResourceLoaderHelper  : Trying to load META-INF/validation.xml via Hibernate Validator's class loader
2017-11-17 21:32:36.954 DEBUG 9292 --- [  restartedMain] o.h.v.internal.xml.ValidationXmlParser   : No META-INF/validation.xml found. Using annotation based configuration only.
2017-11-17 21:32:37.271  INFO 9292 --- [  restartedMain] s.w.s.m.m.a.RequestMappingHandlerAdapter : Looking for @ControllerAdvice: org.springframework.boot.context.embedded.AnnotationConfigEmbeddedWebApplicationContext@7185acea: startup date [Fri Nov 17 21:32:33 EST 2017]; root of context hierarchy
2017-11-17 21:32:37.318  INFO 9292 --- [  restartedMain] s.w.s.m.m.a.RequestMappingHandlerMapping : Mapped "{[/v2/findAllUser],methods=[GET],produces=[application/json]}" onto org.springframework.http.ResponseEntity<?> com.mybatis.demo.rest.UserRestController.getAllUser()
2017-11-17 21:32:37.321  INFO 9292 --- [  restartedMain] s.w.s.m.m.a.RequestMappingHandlerMapping : Mapped "{[/v2/findUser/{userId}],methods=[GET],produces=[application/json]}" onto org.springframework.http.ResponseEntity<?> com.mybatis.demo.rest.UserRestController.getUser(java.lang.Integer)
2017-11-17 21:32:37.343  INFO 9292 --- [  restartedMain] s.w.s.m.m.a.RequestMappingHandlerMapping : Mapped "{[/error]}" onto public org.springframework.http.ResponseEntity<java.util.Map<java.lang.String, java.lang.Object>> org.springframework.boot.autoconfigure.web.BasicErrorController.error(javax.servlet.http.HttpServletRequest)
2017-11-17 21:32:37.344  INFO 9292 --- [  restartedMain] s.w.s.m.m.a.RequestMappingHandlerMapping : Mapped "{[/error],produces=[text/html]}" onto public org.springframework.web.servlet.ModelAndView org.springframework.boot.autoconfigure.web.BasicErrorController.errorHtml(javax.servlet.http.HttpServletRequest,javax.servlet.http.HttpServletResponse)
2017-11-17 21:32:37.417  INFO 9292 --- [  restartedMain] o.s.w.s.handler.SimpleUrlHandlerMapping  : Mapped URL path [/webjars/**] onto handler of type [class org.springframework.web.servlet.resource.ResourceHttpRequestHandler]
2017-11-17 21:32:37.418  INFO 9292 --- [  restartedMain] o.s.w.s.handler.SimpleUrlHandlerMapping  : Mapped URL path [/**] onto handler of type [class org.springframework.web.servlet.resource.ResourceHttpRequestHandler]
2017-11-17 21:32:37.462  INFO 9292 --- [  restartedMain] o.s.w.s.handler.SimpleUrlHandlerMapping  : Mapped URL path [/**/favicon.ico] onto handler of type [class org.springframework.web.servlet.resource.ResourceHttpRequestHandler]
2017-11-17 21:32:37.507 DEBUG 9292 --- [  restartedMain] o.m.s.b.a.MybatisAutoConfiguration       : No org.mybatis.spring.mapper.MapperFactoryBean found.
2017-11-17 21:32:37.673  INFO 9292 --- [  restartedMain] o.s.b.d.a.OptionalLiveReloadServer       : LiveReload server is running on port 35729
2017-11-17 21:32:37.995  INFO 9292 --- [  restartedMain] o.s.j.e.a.AnnotationMBeanExporter        : Registering beans for JMX exposure on startup
2017-11-17 21:32:37.999  INFO 9292 --- [  restartedMain] o.s.j.e.a.AnnotationMBeanExporter        : Bean with name 'dataSource' has been autodetected for JMX exposure
2017-11-17 21:32:38.011  INFO 9292 --- [  restartedMain] o.s.j.e.a.AnnotationMBeanExporter        : Located MBean 'dataSource': registering with JMX server as MBean [com.zaxxer.hikari:name=dataSource,type=HikariDataSource]
2017-11-17 21:32:38.033  INFO 9292 --- [  restartedMain] o.a.coyote.http11.Http11NioProtocol      : Initializing ProtocolHandler ["http-nio-8093"]
2017-11-17 21:32:38.035  INFO 9292 --- [  restartedMain] o.a.coyote.http11.Http11NioProtocol      : Starting ProtocolHandler ["http-nio-8093"]
2017-11-17 21:32:38.039  INFO 9292 --- [  restartedMain] o.a.tomcat.util.net.NioSelectorPool      : Using a shared selector for servlet write/read
2017-11-17 21:32:38.063  INFO 9292 --- [  restartedMain] s.b.c.e.t.TomcatEmbeddedServletContainer : Tomcat started on port(s): 8093 (http)
2017-11-17 21:32:41.660  INFO 9292 --- [n(11)-127.0.0.1] inMXBeanRegistrar$SpringApplicationAdmin : Application shutdown requested.
2017-11-17 21:32:41.661  INFO 9292 --- [n(11)-127.0.0.1] ationConfigEmbeddedWebApplicationContext : Closing org.springframework.boot.context.embedded.AnnotationConfigEmbeddedWebApplicationContext@7185acea: startup date [Fri Nov 17 21:32:33 EST 2017]; root of context hierarchy
2017-11-17 21:32:41.665  INFO 9292 --- [n(11)-127.0.0.1] o.s.j.e.a.AnnotationMBeanExporter        : Unregistering JMX-exposed beans on shutdown
2017-11-17 21:32:41.666  INFO 9292 --- [n(11)-127.0.0.1] o.s.j.e.a.AnnotationMBeanExporter        : Unregistering JMX-exposed beans
